<?xml version="1.0" encoding="UTF-8"?>
<testsuite xmlns:xsi="http://www.w3.org/2001/XMLSchema-instance" xsi:noNamespaceSchemaLocation="https://maven.apache.org/surefire/maven-surefire-plugin/xsd/surefire-test-report.xsd" name="ca.cmpt213.asn4.bank.SavingsAccountTest" time="0.038" tests="5" errors="0" skipped="0" failures="0">
  <properties>
[...]
</properties>
  <testcase name="testWithdraw" classname="ca.cmpt213.asn4.bank.SavingsAccountTest" time="0.003"/>
  <testcase name="testCalcInterest" classname="ca.cmpt213.asn4.bank.SavingsAccountTest" time="0"/>
  <testcase name="testDeposit" classname="ca.cmpt213.asn4.bank.SavingsAccountTest" time="0.001"/>
  <testcase name="testMonthlyProcess" classname="ca.cmpt213.asn4.bank.SavingsAccountTest" time="0.001"/>
  <testcase name="testConstructor" classname="ca.cmpt213.asn4.bank.SavingsAccountTest" time="0.001"/>
</testsuite>